<?xml version="1.0" encoding="UTF-8"?>
<testsuite xmlns:xsi="http://www.w3.org/2001/XMLSchema-instance" xsi:noNamespaceSchemaLocation="https://maven.apache.org/surefire/maven-surefire-plugin/xsd/surefire-test-report-3.0.xsd" version="3.0" name="TestSuite" time="141.919" tests="3" errors="0" skipped="0" failures="0">
  <properties>
[...]
</properties>
  <testcase name="runScenario[&quot;Check login is successful with valid credentials&quot;, &quot;Login page Automation&quot;](1)" classname="TestRunner.CucumberTestRunner" time="48.652">
    <system-out><![CDATA[
Scenario Outline: Check login is successful with valid credentials &amp#27;[90m# src/test/resources/Features/login.feature:12&amp#27;[0m
  &amp#27;[32mGiven &amp#27;[0m&amp#27;[32mUser is on login page&amp#27;[0m                                      &amp#27;[90m# StepDefinitions.PageFactoryLoginStepsDefinition.user_is_on_login_page()&amp#27;[0m
  &amp#27;[32mWhen &amp#27;[0m&amp#27;[32mUser enters valid &amp#27;[0m&amp#27;[32m&amp#27;[1m"neechin743@gmail.com"&amp#27;[0m&amp#27;[32m and &amp#27;[0m&amp#27;[32m&amp#27;[1m"Test@1234"&amp#27;[0m    &amp#27;[90m# StepDefinitions.PageFactoryLoginStepsDefinition.user_enters_valid_and(java.lang.String,java.lang.String)&amp#27;[0m
  &amp#27;[32mAnd &amp#27;[0m&amp#27;[32mClicks on Login Button&amp#27;[0m                                       &amp#27;[90m# StepDefinitions.PageFactoryLoginStepsDefinition.clicks_on_login_button()&amp#27;[0m
  &amp#27;[32mThen &amp#27;[0m&amp#27;[32mUser shuold be navigating to Home page&amp#27;[0m                      &amp#27;[90m# StepDefinitions.PageFactoryLoginStepsDefinition.user_shuold_be_navigating_to_home_page()&amp#27;[0m
  &amp#27;[32mAnd &amp#27;[0m&amp#27;[32mClose the browser&amp#27;[0m                                            &amp#27;[90m# StepDefinitions.PageFactoryLoginStepsDefinition.close_the_browser()&amp#27;[0m
]]></system-out>
    <system-err><![CDATA[SLF4J: Failed to load class "org.slf4j.impl.StaticLoggerBinder".
SLF4J: Defaulting to no-operation (NOP) logger implementation
SLF4J: See http://www.slf4j.org/codes.html#StaticLoggerBinder for further details.
]]></system-err>
  </testcase>
  <testcase name="runScenario[&quot;Check login is successful with valid credentials&quot;, &quot;Login page Automation&quot;](2)" classname="TestRunner.CucumberTestRunner" time="47.527">
    <system-out><![CDATA[
Scenario Outline: Check login is successful with valid credentials &amp#27;[90m# src/test/resources/Features/login.feature:13&amp#27;[0m
  &amp#27;[32mGiven &amp#27;[0m&amp#27;[32mUser is on login page&amp#27;[0m                                      &amp#27;[90m# StepDefinitions.PageFactoryLoginStepsDefinition.user_is_on_login_page()&amp#27;[0m
  &amp#27;[32mWhen &amp#27;[0m&amp#27;[32mUser enters valid &amp#27;[0m&amp#27;[32m&amp#27;[1m"neechin743+1@gmail.com"&amp#27;[0m&amp#27;[32m and &amp#27;[0m&amp#27;[32m&amp#27;[1m"Test@1234"&amp#27;[0m  &amp#27;[90m# StepDefinitions.PageFactoryLoginStepsDefinition.user_enters_valid_and(java.lang.String,java.lang.String)&amp#27;[0m
  &amp#27;[32mAnd &amp#27;[0m&amp#27;[32mClicks on Login Button&amp#27;[0m                                       &amp#27;[90m# StepDefinitions.PageFactoryLoginStepsDefinition.clicks_on_login_button()&amp#27;[0m
  &amp#27;[32mThen &amp#27;[0m&amp#27;[32mUser shuold be navigating to Home page&amp#27;[0m                      &amp#27;[90m# StepDefinitions.PageFactoryLoginStepsDefinition.user_shuold_be_navigating_to_home_page()&amp#27;[0m
  &amp#27;[32mAnd &amp#27;[0m&amp#27;[32mClose the browser&amp#27;[0m                                            &amp#27;[90m# StepDefinitions.PageFactoryLoginStepsDefinition.close_the_browser()&amp#27;[0m
]]></system-out>
  </testcase>
  <testcase name="runScenario[&quot;Check login is successful with valid credentials&quot;, &quot;Login page Automation&quot;](3)" classname="TestRunner.CucumberTestRunner" time="41.428">
    <system-out><![CDATA[
Scenario Outline: Check login is successful with valid credentials &amp#27;[90m# src/test/resources/Features/login.feature:14&amp#27;[0m
  &amp#27;[32mGiven &amp#27;[0m&amp#27;[32mUser is on login page&amp#27;[0m                                      &amp#27;[90m# StepDefinitions.PageFactoryLoginStepsDefinition.user_is_on_login_page()&amp#27;[0m
  &amp#27;[32mWhen &amp#27;[0m&amp#27;[32mUser enters valid &amp#27;[0m&amp#27;[32m&amp#27;[1m"neechin743+1@gmail.com"&amp#27;[0m&amp#27;[32m and &amp#27;[0m&amp#27;[32m&amp#27;[1m"Test@1234"&amp#27;[0m  &amp#27;[90m# StepDefinitions.PageFactoryLoginStepsDefinition.user_enters_valid_and(java.lang.String,java.lang.String)&amp#27;[0m
  &amp#27;[32mAnd &amp#27;[0m&amp#27;[32mClicks on Login Button&amp#27;[0m                                       &amp#27;[90m# StepDefinitions.PageFactoryLoginStepsDefinition.clicks_on_login_button()&amp#27;[0m
  &amp#27;[32mThen &amp#27;[0m&amp#27;[32mUser shuold be navigating to Home page&amp#27;[0m                      &amp#27;[90m# StepDefinitions.PageFactoryLoginStepsDefinition.user_shuold_be_navigating_to_home_page()&amp#27;[0m
  &amp#27;[32mAnd &amp#27;[0m&amp#27;[32mClose the browser&amp#27;[0m                                            &amp#27;[90m# StepDefinitions.PageFactoryLoginStepsDefinition.close_the_browser()&amp#27;[0m
]]></system-out>
  </testcase>
</testsuite>